<?xml version="1.0" encoding="UTF-8"?>
<!-- Generated by org.testng.reporters.JUnitReportReporter -->
<testsuite hostname="DESKTOP-IK9NUMK" failures="0" tests="4" name="sfdc.tests.Login" time="0.019" errors="0" timestamp="2021-11-01T20:40:59 PDT" skipped="0">
  <testcase classname="sfdc.tests.Login" name="goToHomePage" time="0.009"/>
  <system-out/>
  <testcase classname="sfdc.tests.Login" name="launchApp" time="0.005"/>
  <system-out/>
  <testcase classname="sfdc.tests.Login" name="loginToApp" time="0.004"/>
  <system-out/>
  <testcase classname="sfdc.tests.Login" name="logOutApp" time="0.001"/>
  <system-out/>
</testsuite> <!-- sfdc.tests.Login -->
